<?xml version="1.0" encoding="UTF-8"?>
<!-- Generated by org.testng.reporters.JUnitReportReporter -->
<testsuite hostname="satisfies-ZEB-NBC-2S" failures="0" tests="1" name="in.amazone.test.E2ETest" time="23.075" errors="0" timestamp="2024-10-18T11:57:37 IST" skipped="0">
  <testcase classname="in.amazone.test.E2ETest" name="TC001_test1" time="23.075"/>
</testsuite> <!-- in.amazone.test.E2ETest -->
